<?xml version="1.0" encoding="UTF-8"?>
<!-- Generated by org.testng.reporters.JUnitReportReporter -->
<testsuite hostname="LAPTOP-KRFG0B0G" failures="0" tests="1" name="basesfdctests.SfdcAutomation" time="4.040" errors="0" timestamp="2023-03-21T08:29:07 PDT" skipped="0">
  <testcase classname="basesfdctests.SfdcAutomation" name="Forgotpwd" time="4.040"/>
  <system-out/>
</testsuite> <!-- basesfdctests.SfdcAutomation -->
